[debug] [2018-11-23T08:39:47.745Z] ----------------------------------------------------------------------
[debug] [2018-11-23T08:39:47.747Z] Command:       /home/jay/.nvm/versions/node/v9.0.0/bin/node /usr/local/bin/firebase deploy
[debug] [2018-11-23T08:39:47.748Z] CLI Version:   6.1.1
[debug] [2018-11-23T08:39:47.748Z] Platform:      linux
[debug] [2018-11-23T08:39:47.748Z] Node Version:  v9.0.0
[debug] [2018-11-23T08:39:47.748Z] Time:          Fri Nov 23 2018 00:39:47 GMT-0800 (PST)
[debug] [2018-11-23T08:39:47.748Z] ----------------------------------------------------------------------
[debug] 
[debug] [2018-11-23T08:39:47.756Z] > command requires scopes: ["email","openid","https://www.googleapis.com/auth/cloudplatformprojects.readonly","https://www.googleapis.com/auth/firebase","https://www.googleapis.com/auth/cloud-platform"]
[debug] [2018-11-23T08:39:47.756Z] > authorizing via signed-in user
[debug] [2018-11-23T08:39:47.756Z] [iam] checking project enen-c3566 for permissions ["cloudfunctions.functions.create","cloudfunctions.functions.delete","cloudfunctions.functions.get","cloudfunctions.functions.list","cloudfunctions.functions.update","cloudfunctions.operations.get","firebase.projects.get","firebasehosting.sites.update"]
[debug] [2018-11-23T08:39:47.758Z] > refreshing access token with scopes: ["email","https://www.googleapis.com/auth/cloud-platform","https://www.googleapis.com/auth/cloudplatformprojects.readonly","https://www.googleapis.com/auth/firebase","openid"]
[debug] [2018-11-23T08:39:47.758Z] >>> HTTP REQUEST POST https://www.googleapis.com/oauth2/v3/token  
 <request body omitted>
[debug] [2018-11-23T08:39:48.212Z] <<< HTTP RESPONSE 200
[debug] [2018-11-23T08:39:48.231Z] >>> HTTP REQUEST POST https://cloudresourcemanager.googleapis.com/v1/projects/enen-c3566:testIamPermissions  

[debug] [2018-11-23T08:39:48.539Z] <<< HTTP RESPONSE 200
[debug] [2018-11-23T08:39:48.542Z] >>> HTTP REQUEST GET https://firebase.googleapis.com/v1beta1/projects/enen-c3566  
 
[debug] [2018-11-23T08:39:48.915Z] <<< HTTP RESPONSE 200
[info] 
[info] === Deploying to 'enen-c3566'...
[info] 
[info] i  deploying functions, hosting
[info] Running command: npm --prefix "$RESOURCE_DIR" run lint
[info] Running command: npm --prefix "$RESOURCE_DIR" run build
[info] ✔  functions: Finished running predeploy script.
[debug] [2018-11-23T08:39:59.623Z] > [functions] package.json contents: {
  "name": "functions",
  "scripts": {
    "lint": "tslint --project tsconfig.json",
    "build": "tsc",
    "serve": "npm run build && firebase serve --only functions",
    "shell": "npm run build && firebase functions:shell",
    "start": "npm run shell",
    "deploy": "firebase deploy --only functions",
    "logs": "firebase functions:log"
  },
  "main": "lib/index.js",
  "dependencies": {
    "firebase-admin": "^6.1.0",
    "firebase-functions": "^2.1.0",
    "jsdom": "^13.0.0",
    "readability-node": "^0.1.0",
    "scrape-metadata": "^2.0.0"
  },
  "devDependencies": {
    "@firebase/app-types": "^0.3.2",
    "tslint": "~5.8.0",
    "typescript": "~2.8.3"
  },
  "private": true
}
[info] i  functions: ensuring necessary APIs are enabled...
[debug] [2018-11-23T08:39:59.624Z] >>> HTTP REQUEST GET https://servicemanagement.googleapis.com/v1/services/cloudfunctions.googleapis.com/projectSettings/enen-c3566?view=CONSUMER_VIEW  
 
[debug] [2018-11-23T08:39:59.625Z] >>> HTTP REQUEST GET https://servicemanagement.googleapis.com/v1/services/runtimeconfig.googleapis.com/projectSettings/enen-c3566?view=CONSUMER_VIEW  
 
[debug] [2018-11-23T08:40:00.573Z] <<< HTTP RESPONSE 200
[debug] [2018-11-23T08:40:00.661Z] <<< HTTP RESPONSE 200
[info] ✔  functions: all necessary APIs are enabled
[debug] [2018-11-23T08:40:00.663Z] >>> HTTP REQUEST GET https://cloudresourcemanager.googleapis.com/v1/projects/enen-c3566  
 
[debug] [2018-11-23T08:40:00.966Z] <<< HTTP RESPONSE 200
[debug] [2018-11-23T08:40:00.967Z] >>> HTTP REQUEST GET https://mobilesdk-pa.googleapis.com/v1/projects/615274053731:getServerAppConfig  
 
[debug] [2018-11-23T08:40:01.253Z] <<< HTTP RESPONSE 200
[debug] [2018-11-23T08:40:01.255Z] >>> HTTP REQUEST POST https://firebasehosting.googleapis.com/v1beta1/sites/enen-c3566/versions  

[debug] [2018-11-23T08:40:02.283Z] <<< HTTP RESPONSE 200
[info] i  functions: preparing functions directory for uploading...
[debug] [2018-11-23T08:40:02.288Z] >>> HTTP REQUEST GET https://runtimeconfig.googleapis.com/v1beta1/projects/enen-c3566/configs  
 
[debug] [2018-11-23T08:40:02.743Z] <<< HTTP RESPONSE 200
[info] i  functions: packaged functions (73.92 KB) for uploading
[debug] [2018-11-23T08:40:03.801Z] >>> HTTP REQUEST POST https://cloudfunctions.googleapis.com/v1/projects/enen-c3566/locations/us-central1/functions:generateUploadUrl  
 
[debug] [2018-11-23T08:40:04.958Z] <<< HTTP RESPONSE 200
[debug] [2018-11-23T08:40:04.959Z] >>> HTTP REQUEST PUT https://storage.googleapis.com/gcf-upload-us-central1-9b99d78d-c60f-42ee-926c-e6e1185d7c1c/164d9669-ea4a-41ec-ba1b-45c65da0e534.zip?GoogleAccessId=service-615274053731@gcf-admin-robot.iam.gserviceaccount.com&Expires=1542964151&Signature=RpFTfboQhxhxdP5le3UXfeZFm%2BT61mp5ih%2BNSy%2FEccpVItYG%2BTS%2BmrPEyqTVoWp5eGRgc%2BBK0Qz%2BVZsJhmV3%2Fnex1CeINtuXUKRAftD5TCY4plwzeuf6XiitEUd2DP8FOIp4syx1IFMgHE2oLVj4d07p6n78cX%2B7%2F%2BuDJuPFQo9VacYRQ0bkdm8qcxawH7T8Glp4p6vmS7aHINp0hn%2BJ48QQ0GCVER9Z5v2dg6hL%2BKmZbsqBPExCgXlITt4ZWdlACU0r0x8WkeTrAAcoGjzBWSaZWdTsZzlCkc84qayd5QZZIegaEJyJgDL6M7D8EtUXkdsAVgFDSEgxy15q3NIC1w%3D%3D  

[debug] [2018-11-23T08:40:06.297Z] <<< HTTP RESPONSE 200
[info] ✔  functions: functions folder uploaded successfully
[info] i  hosting[enen-c3566]: beginning deploy...
[info] i  hosting[enen-c3566]: found 43 files in build
[debug] [2018-11-23T08:40:06.363Z] [hosting] hash cache [YnVpbGQ] load error: lines is not defined
[debug] [2018-11-23T08:40:08.427Z] [hosting] hash cache [YnVpbGQ] stored for 43 files
[debug] [2018-11-23T08:40:08.427Z] [hosting][hash queue][FINAL]
[debug] [2018-11-23T08:40:08.427Z] >>> HTTP REQUEST POST https://firebasehosting.googleapis.com/v1beta1/sites/enen-c3566/versions/4399b67925350375:populateFiles  
 <request body omitted>
[debug] [2018-11-23T08:40:09.326Z] <<< HTTP RESPONSE 200
[debug] [2018-11-23T08:40:09.341Z] [hosting][populate queue][FINAL]
[debug] [2018-11-23T08:40:09.341Z] [hosting] uploads queued: 15
[debug] [2018-11-23T08:40:51.390Z] [hosting][upload queue][FINAL]
[info] ✔  hosting[enen-c3566]: file upload complete
[debug] [2018-11-23T08:40:51.393Z] [hosting] deploy completed after 45093ms
[debug] [2018-11-23T08:40:51.668Z] >>> HTTP REQUEST GET https://cloudfunctions.googleapis.com/v1/projects/enen-c3566/locations/-/functions  
 
[debug] [2018-11-23T08:40:52.641Z] <<< HTTP RESPONSE 200
[info] i  functions: updating Node.js 6 function getMetadata(us-central1)...
[debug] [2018-11-23T08:40:52.645Z] Trigger is:  {"eventTrigger":{"resource":"projects/enen-c3566/databases/(default)/documents/articleDB/{id}","eventType":"providers/cloud.firestore/eventTypes/document.create","service":"firestore.googleapis.com"}}
[info] i  functions: updating Node.js 6 function deleteUser(us-central1)...
[debug] [2018-11-23T08:40:52.646Z] Trigger is:  {"httpsTrigger":{}}
[debug] [2018-11-23T08:40:52.648Z] >>> HTTP REQUEST PATCH https://cloudfunctions.googleapis.com/v1/projects/enen-c3566/locations/us-central1/functions/getMetadata {"updateMask":"sourceUploadUrl,name,labels,eventTrigger.resource,eventTrigger.eventType,eventTrigger.service"} 

[debug] [2018-11-23T08:40:52.649Z] >>> HTTP REQUEST PATCH https://cloudfunctions.googleapis.com/v1/projects/enen-c3566/locations/us-central1/functions/deleteUser {"updateMask":"sourceUploadUrl,name,labels,httpsTrigger"} 

[debug] [2018-11-23T08:40:53.587Z] <<< HTTP RESPONSE 200
[debug] [2018-11-23T08:40:53.590Z] <<< HTTP RESPONSE 200
[debug] [2018-11-23T08:40:53.593Z] >>> HTTP REQUEST GET https://cloudfunctions.googleapis.com/v1/projects/enen-c3566/locations/-/functions  
 
[debug] [2018-11-23T08:40:54.485Z] <<< HTTP RESPONSE 200
[debug] [2018-11-23T08:40:54.487Z] >>> HTTP REQUEST GET https://cloudfunctions.googleapis.com/v1/operations/ZW5lbi1jMzU2Ni91cy1jZW50cmFsMS9nZXRNZXRhZGF0YS83cHpRR3lRODZ0VQ  
 
[debug] [2018-11-23T08:40:54.487Z] >>> HTTP REQUEST GET https://cloudfunctions.googleapis.com/v1/operations/ZW5lbi1jMzU2Ni91cy1jZW50cmFsMS9kZWxldGVVc2VyL1JQaFNHeU9vNDhF  
 
[debug] [2018-11-23T08:40:55.051Z] <<< HTTP RESPONSE 200
[debug] [2018-11-23T08:40:55.052Z] <<< HTTP RESPONSE 200
[debug] [2018-11-23T08:40:57.053Z] >>> HTTP REQUEST GET https://cloudfunctions.googleapis.com/v1/operations/ZW5lbi1jMzU2Ni91cy1jZW50cmFsMS9nZXRNZXRhZGF0YS83cHpRR3lRODZ0VQ  
 
[debug] [2018-11-23T08:40:57.054Z] >>> HTTP REQUEST GET https://cloudfunctions.googleapis.com/v1/operations/ZW5lbi1jMzU2Ni91cy1jZW50cmFsMS9kZWxldGVVc2VyL1JQaFNHeU9vNDhF  
 
[debug] [2018-11-23T08:40:57.557Z] <<< HTTP RESPONSE 200
[debug] [2018-11-23T08:40:57.559Z] <<< HTTP RESPONSE 200
[debug] [2018-11-23T08:40:59.561Z] >>> HTTP REQUEST GET https://cloudfunctions.googleapis.com/v1/operations/ZW5lbi1jMzU2Ni91cy1jZW50cmFsMS9kZWxldGVVc2VyL1JQaFNHeU9vNDhF  
 
[debug] [2018-11-23T08:40:59.562Z] >>> HTTP REQUEST GET https://cloudfunctions.googleapis.com/v1/operations/ZW5lbi1jMzU2Ni91cy1jZW50cmFsMS9nZXRNZXRhZGF0YS83cHpRR3lRODZ0VQ  
 
[debug] [2018-11-23T08:41:00.119Z] <<< HTTP RESPONSE 200
[debug] [2018-11-23T08:41:00.121Z] <<< HTTP RESPONSE 200
[debug] [2018-11-23T08:41:02.122Z] >>> HTTP REQUEST GET https://cloudfunctions.googleapis.com/v1/operations/ZW5lbi1jMzU2Ni91cy1jZW50cmFsMS9kZWxldGVVc2VyL1JQaFNHeU9vNDhF  
 
[debug] [2018-11-23T08:41:02.123Z] >>> HTTP REQUEST GET https://cloudfunctions.googleapis.com/v1/operations/ZW5lbi1jMzU2Ni91cy1jZW50cmFsMS9nZXRNZXRhZGF0YS83cHpRR3lRODZ0VQ  
 
[debug] [2018-11-23T08:41:02.677Z] <<< HTTP RESPONSE 200
[debug] [2018-11-23T08:41:02.678Z] <<< HTTP RESPONSE 200
[debug] [2018-11-23T08:41:04.680Z] >>> HTTP REQUEST GET https://cloudfunctions.googleapis.com/v1/operations/ZW5lbi1jMzU2Ni91cy1jZW50cmFsMS9kZWxldGVVc2VyL1JQaFNHeU9vNDhF  
 
[debug] [2018-11-23T08:41:04.681Z] >>> HTTP REQUEST GET https://cloudfunctions.googleapis.com/v1/operations/ZW5lbi1jMzU2Ni91cy1jZW50cmFsMS9nZXRNZXRhZGF0YS83cHpRR3lRODZ0VQ  
 
[debug] [2018-11-23T08:41:05.170Z] <<< HTTP RESPONSE 200
[debug] [2018-11-23T08:41:05.183Z] <<< HTTP RESPONSE 200
[debug] [2018-11-23T08:41:07.173Z] >>> HTTP REQUEST GET https://cloudfunctions.googleapis.com/v1/operations/ZW5lbi1jMzU2Ni91cy1jZW50cmFsMS9kZWxldGVVc2VyL1JQaFNHeU9vNDhF  
 
[debug] [2018-11-23T08:41:07.184Z] >>> HTTP REQUEST GET https://cloudfunctions.googleapis.com/v1/operations/ZW5lbi1jMzU2Ni91cy1jZW50cmFsMS9nZXRNZXRhZGF0YS83cHpRR3lRODZ0VQ  
 
[debug] [2018-11-23T08:41:07.662Z] <<< HTTP RESPONSE 200
[debug] [2018-11-23T08:41:07.664Z] <<< HTTP RESPONSE 200
[debug] [2018-11-23T08:41:09.665Z] >>> HTTP REQUEST GET https://cloudfunctions.googleapis.com/v1/operations/ZW5lbi1jMzU2Ni91cy1jZW50cmFsMS9nZXRNZXRhZGF0YS83cHpRR3lRODZ0VQ  
 
[debug] [2018-11-23T08:41:09.665Z] >>> HTTP REQUEST GET https://cloudfunctions.googleapis.com/v1/operations/ZW5lbi1jMzU2Ni91cy1jZW50cmFsMS9kZWxldGVVc2VyL1JQaFNHeU9vNDhF  
 
[debug] [2018-11-23T08:41:10.156Z] <<< HTTP RESPONSE 200
[debug] [2018-11-23T08:41:10.157Z] <<< HTTP RESPONSE 200
[debug] [2018-11-23T08:41:12.158Z] >>> HTTP REQUEST GET https://cloudfunctions.googleapis.com/v1/operations/ZW5lbi1jMzU2Ni91cy1jZW50cmFsMS9nZXRNZXRhZGF0YS83cHpRR3lRODZ0VQ  
 
[debug] [2018-11-23T08:41:12.159Z] >>> HTTP REQUEST GET https://cloudfunctions.googleapis.com/v1/operations/ZW5lbi1jMzU2Ni91cy1jZW50cmFsMS9kZWxldGVVc2VyL1JQaFNHeU9vNDhF  
 
[debug] [2018-11-23T08:41:12.637Z] <<< HTTP RESPONSE 200
[debug] [2018-11-23T08:41:12.653Z] <<< HTTP RESPONSE 200
